2017-07-26 10:30:51,213 Initialized in: /home/phabc/Main/Programmation/blockChains/slackBot/console-slack
2017-07-26 10:30:51,226 Starting new HTTPS connection (1): slack.com
2017-07-26 10:30:51,501 https://slack.com:443 "POST /api/rtm.start HTTP/1.1" 200 16591
2017-07-26 10:30:51,680 Loading plugins
2017-07-26 10:30:51,681 Importing plugins.AntiScam.AntiScam
2017-07-26 10:30:51,691 Plugin registered: <plugins.AntiScam.AntiScam object at 0x7f06d4f092e8>
2017-07-26 10:30:51,691 Registering jobs for AntiScam
2017-07-26 10:30:51,691 No jobs registered for AntiScam
2017-07-26 10:30:51,691 got process_hello
2017-07-26 10:30:51,792 got process_reconnect_url
2017-07-26 10:30:51,893 got process_pong
2017-07-26 10:30:52,898 got process_presence_change
2017-07-26 10:30:55,107 got process_pong
2017-07-26 10:30:59,123 got process_pong
2017-07-26 10:31:03,141 got process_pong
2017-07-26 10:31:07,157 got process_pong
2017-07-26 10:31:11,174 got process_pong
2017-07-26 10:31:15,191 got process_pong
2017-07-26 10:31:19,106 got process_pong
2017-07-26 10:31:23,122 got process_pong
2017-07-26 10:31:27,138 got process_pong
2017-07-26 10:31:31,153 got process_pong
2017-07-26 10:31:35,169 got process_pong
2017-07-26 10:31:39,186 got process_pong
2017-07-26 10:31:42,722 Initialized in: /home/phabc/Main/Programmation/blockChains/slackBot/console-slack
2017-07-26 10:31:42,735 Starting new HTTPS connection (1): slack.com
2017-07-26 10:31:43,000 https://slack.com:443 "POST /api/rtm.start HTTP/1.1" 200 16595
2017-07-26 10:31:43,181 Loading plugins
2017-07-26 10:31:43,181 Importing plugins.AntiScam.AntiScam
2017-07-26 10:31:43,192 Plugin registered: <plugins.AntiScam.AntiScam object at 0x7fca98209320>
2017-07-26 10:31:43,192 Registering jobs for AntiScam
2017-07-26 10:31:43,192 No jobs registered for AntiScam
2017-07-26 10:31:43,193 got process_hello
2017-07-26 10:31:43,294 got process_reconnect_url
2017-07-26 10:31:43,395 got process_presence_change
2017-07-26 10:31:43,496 got process_pong
2017-07-26 10:31:44,902 got process_presence_change
2017-07-26 10:31:47,111 got process_pong
2017-07-26 10:31:51,126 got process_pong
2017-07-26 10:31:55,143 got process_pong
2017-07-26 10:31:59,159 got process_pong
2017-07-26 10:32:03,176 got process_pong
2017-07-26 10:32:07,192 got process_pong
2017-07-26 10:32:11,107 got process_pong
2017-07-26 10:32:15,125 got process_pong
2017-07-26 10:32:17,837 got process_reconnect_url
2017-07-26 10:32:19,144 got process_pong
2017-07-26 10:32:23,161 got process_pong
2017-07-26 10:32:27,178 got process_pong
2017-07-26 10:32:31,194 got process_pong
2017-07-26 10:32:35,110 got process_pong
2017-07-26 10:32:39,126 got process_pong
2017-07-26 10:32:43,143 got process_pong
2017-07-26 10:32:47,160 got process_pong
2017-07-26 10:32:51,179 got process_pong
2017-07-26 10:32:55,195 got process_pong
2017-07-26 10:32:59,111 got process_pong
2017-07-26 10:33:03,128 got process_pong
2017-07-26 10:33:07,146 got process_pong
2017-07-26 10:33:11,163 got process_pong
2017-07-26 10:33:15,181 got process_pong
2017-07-26 10:33:19,198 got process_pong
2017-07-26 10:33:23,114 got process_pong
2017-07-26 10:33:27,131 got process_pong
2017-07-26 10:33:31,147 got process_pong
2017-07-26 10:33:35,164 got process_pong
2017-07-26 10:33:39,181 got process_pong
2017-07-26 10:33:43,197 got process_pong
2017-07-26 10:33:47,114 got process_pong
2017-07-26 10:33:51,131 got process_pong
2017-07-26 10:33:55,149 got process_pong
2017-07-26 10:33:59,165 got process_pong
2017-07-26 10:34:03,182 got process_pong
2017-07-26 10:34:07,199 got process_pong
2017-07-26 10:34:11,115 got process_pong
2017-07-26 10:34:15,134 got process_pong
2017-07-26 10:34:19,151 got process_pong
2017-07-26 10:34:23,168 got process_pong
2017-07-26 10:34:27,183 got process_pong
2017-07-26 10:34:31,199 got process_pong
2017-07-26 10:34:35,115 got process_pong
2017-07-26 10:34:39,129 got process_pong
2017-07-26 10:34:43,146 got process_pong
2017-07-26 10:34:47,161 got process_pong
2017-07-26 10:34:51,178 got process_pong
2017-07-26 10:34:55,196 got process_pong
2017-07-26 10:34:59,110 got process_pong
2017-07-26 10:35:03,126 got process_pong
2017-07-26 10:35:07,142 got process_pong
2017-07-26 10:35:11,158 got process_pong
2017-07-26 10:35:15,175 got process_pong
2017-07-26 10:35:17,786 got process_reconnect_url
2017-07-26 10:35:19,192 got process_pong
2017-07-26 10:35:23,109 got process_pong
2017-07-26 10:35:27,124 got process_pong
2017-07-26 10:35:31,140 got process_pong
2017-07-26 10:35:35,157 got process_pong
2017-07-26 10:35:39,171 got process_pong
2017-07-26 10:35:43,187 got process_pong
2017-07-26 10:35:47,105 got process_pong
2017-07-26 10:35:51,122 got process_pong
2017-07-26 10:35:55,139 got process_pong
2017-07-26 10:35:59,155 got process_pong
2017-07-26 10:36:03,173 got process_pong
2017-07-26 10:36:07,189 got process_pong
2017-07-26 10:36:11,103 got process_pong
2017-07-26 10:36:15,118 got process_pong
2017-07-26 10:36:19,133 got process_pong
2017-07-26 10:36:23,149 got process_pong
2017-07-26 10:36:27,166 got process_pong
2017-07-26 10:36:31,184 got process_pong
2017-07-26 10:36:35,101 got process_pong
2017-07-26 10:36:39,117 got process_pong
2017-07-26 10:36:43,137 got process_pong
2017-07-26 10:36:47,154 got process_pong
2017-07-26 10:36:51,171 got process_pong
2017-07-26 10:36:55,189 got process_pong
2017-07-26 10:36:59,105 got process_pong
2017-07-26 10:37:03,122 got process_pong
2017-07-26 10:37:07,138 got process_pong
2017-07-26 10:37:11,154 got process_pong
2017-07-26 10:37:15,173 got process_pong
2017-07-26 10:37:19,189 got process_pong
2017-07-26 10:37:23,104 got process_pong
2017-07-26 10:37:27,120 got process_pong
2017-07-26 10:37:31,136 got process_pong
2017-07-26 10:37:31,337 got process_presence_change
2017-07-26 10:37:35,154 got process_pong
2017-07-26 10:37:39,170 got process_pong
2017-07-26 10:37:43,188 got process_pong
2017-07-26 10:37:47,103 got process_pong
2017-07-26 10:37:51,116 got process_pong
2017-07-26 10:37:55,135 got process_pong
2017-07-26 10:37:59,150 got process_pong
2017-07-26 10:38:03,169 got process_pong
2017-07-26 10:38:07,186 got process_pong
2017-07-26 10:38:11,102 got process_pong
2017-07-26 10:38:15,117 got process_pong
2017-07-26 10:38:17,828 got process_reconnect_url
2017-07-26 10:38:19,133 got process_pong
2017-07-26 10:38:23,150 got process_pong
2017-07-26 10:38:27,165 got process_pong
2017-07-26 10:38:31,182 got process_pong
2017-07-26 10:38:35,200 got process_pong
2017-07-26 10:38:39,116 got process_pong
2017-07-26 10:38:43,134 got process_pong
2017-07-26 10:38:47,151 got process_pong
2017-07-26 10:38:51,167 got process_pong
2017-07-26 10:38:55,185 got process_pong
2017-07-26 10:38:59,103 got process_pong
2017-07-26 10:39:03,119 got process_pong
2017-07-26 10:39:07,136 got process_pong
2017-07-26 10:39:11,152 got process_pong
2017-07-26 10:39:15,168 got process_pong
2017-07-26 10:39:19,183 got process_pong
2017-07-26 10:39:23,200 got process_pong
2017-07-26 10:39:27,115 got process_pong
2017-07-26 10:39:31,130 got process_pong
2017-07-26 10:39:35,145 got process_pong
2017-07-26 10:39:39,161 got process_pong
2017-07-26 10:39:43,178 got process_pong
